[INFO ]2023-09-09 12:10:18.679 [main]LoggerLoad-Loading Config file
[INFO ]2023-09-09 12:10:18.690 [main]LoggerLoad-Get Browser Type from Properties
[INFO ]2023-09-09 12:10:21.512 [main]LoggerLoad-Intializingchromedriver
[INFO ]2023-09-09 12:10:21.686 [main]LoggerLoad-Closing Driver
[INFO ]2023-09-09 12:15:00.343 [main]LoggerLoad-Loading Config file
[INFO ]2023-09-09 12:15:00.351 [main]LoggerLoad-Get Browser Type from Properties
[INFO ]2023-09-09 12:15:02.542 [main]LoggerLoad-Intializingchromedriver
[INFO ]2023-09-09 12:15:04.160 [main]LoggerLoad-Closing Driver
[INFO ]2023-09-10 11:53:39.159 [main]LoggerLoad-Loading Config file
[INFO ]2023-09-10 11:53:39.171 [main]LoggerLoad-Get Browser Type from Properties
[INFO ]2023-09-10 11:53:44.704 [main]LoggerLoad-Intializingchromedriver
[INFO ]2023-09-10 11:53:45.036 [main]LoggerLoad-Closing Driver
[INFO ]2023-09-10 12:21:08.327 [main]LoggerLoad-Loading Config file
[INFO ]2023-09-10 12:21:08.338 [main]LoggerLoad-Get Browser Type from Properties
[INFO ]2023-09-10 12:21:11.415 [main]LoggerLoad-Intializingchromedriver
[INFO ]2023-09-10 12:21:11.589 [main]LoggerLoad-User lands on Login PAge
[INFO ]2023-09-10 12:21:11.613 [main]LoggerLoad-User lands on Login PAge
[INFO ]2023-09-10 12:21:11.626 [main]LoggerLoad-User lands on Login PAge
[INFO ]2023-09-10 12:21:11.642 [main]LoggerLoad-User lands on Login PAge
[INFO ]2023-09-10 12:21:11.654 [main]LoggerLoad-User lands on Login PAge
[INFO ]2023-09-10 12:21:11.663 [main]LoggerLoad-User lands on Login PAge
[INFO ]2023-09-10 12:21:11.673 [main]LoggerLoad-User lands on Login PAge
[INFO ]2023-09-10 12:21:11.683 [main]LoggerLoad-User lands on Login PAge
[INFO ]2023-09-10 12:21:11.692 [main]LoggerLoad-User lands on Login PAge
[INFO ]2023-09-10 12:21:11.701 [main]LoggerLoad-User lands on Login PAge
[INFO ]2023-09-10 12:21:11.708 [main]LoggerLoad-User lands on Login PAge
[INFO ]2023-09-10 12:21:11.714 [main]LoggerLoad-User lands on Login PAge
[INFO ]2023-09-10 12:21:11.721 [main]LoggerLoad-User lands on Login PAge
[INFO ]2023-09-10 12:21:11.736 [main]LoggerLoad-User lands on Login PAge
[INFO ]2023-09-10 12:21:11.743 [main]LoggerLoad-User lands on Login PAge
[INFO ]2023-09-10 12:21:11.757 [main]LoggerLoad-User lands on Login PAge
[INFO ]2023-09-10 12:21:11.767 [main]LoggerLoad-Closing Driver
[INFO ]2023-09-10 12:22:21.318 [main]LoggerLoad-Loading Config file
[INFO ]2023-09-10 12:22:21.327 [main]LoggerLoad-Get Browser Type from Properties
[INFO ]2023-09-10 12:22:24.082 [main]LoggerLoad-Intializingchromedriver
[INFO ]2023-09-10 12:22:24.254 [main]LoggerLoad-User lands on Login PAge
[INFO ]2023-09-10 12:22:24.278 [main]LoggerLoad-User lands on Login PAge
[INFO ]2023-09-10 12:22:24.289 [main]LoggerLoad-User lands on Login PAge
[INFO ]2023-09-10 12:22:24.303 [main]LoggerLoad-User lands on Login PAge
[INFO ]2023-09-10 12:22:24.317 [main]LoggerLoad-User lands on Login PAge
[INFO ]2023-09-10 12:22:24.329 [main]LoggerLoad-User lands on Login PAge
[INFO ]2023-09-10 12:22:24.339 [main]LoggerLoad-User lands on Login PAge
[INFO ]2023-09-10 12:22:24.350 [main]LoggerLoad-User lands on Login PAge
[INFO ]2023-09-10 12:22:24.362 [main]LoggerLoad-User lands on Login PAge
[INFO ]2023-09-10 12:22:24.369 [main]LoggerLoad-User lands on Login PAge
[INFO ]2023-09-10 12:22:24.378 [main]LoggerLoad-User lands on Login PAge
[INFO ]2023-09-10 12:22:24.385 [main]LoggerLoad-User lands on Login PAge
[INFO ]2023-09-10 12:22:24.393 [main]LoggerLoad-User lands on Login PAge
[INFO ]2023-09-10 12:22:24.399 [main]LoggerLoad-User lands on Login PAge
[INFO ]2023-09-10 12:22:24.406 [main]LoggerLoad-User lands on Login PAge
[INFO ]2023-09-10 12:22:24.415 [main]LoggerLoad-User lands on Login PAge
[INFO ]2023-09-10 12:22:24.424 [main]LoggerLoad-Closing Driver
[INFO ]2023-09-10 12:28:20.388 [main]LoggerLoad-Loading Config file
[INFO ]2023-09-10 12:28:20.401 [main]LoggerLoad-Get Browser Type from Properties
[INFO ]2023-09-10 12:28:23.516 [main]LoggerLoad-Intializingchromedriver
[INFO ]2023-09-10 12:28:23.680 [main]LoggerLoad-User lands on Login PAge
[INFO ]2023-09-10 12:28:23.706 [main]LoggerLoad-User lands on Login PAge
[INFO ]2023-09-10 12:28:23.718 [main]LoggerLoad-User lands on Login PAge
[INFO ]2023-09-10 12:28:23.729 [main]LoggerLoad-User lands on Login PAge
[INFO ]2023-09-10 12:28:23.740 [main]LoggerLoad-User lands on Login PAge
[INFO ]2023-09-10 12:28:23.750 [main]LoggerLoad-User lands on Login PAge
[INFO ]2023-09-10 12:28:23.761 [main]LoggerLoad-User lands on Login PAge
[INFO ]2023-09-10 12:28:23.770 [main]LoggerLoad-User lands on Login PAge
[INFO ]2023-09-10 12:28:23.782 [main]LoggerLoad-User lands on Login PAge
[INFO ]2023-09-10 12:28:23.790 [main]LoggerLoad-User lands on Login PAge
[INFO ]2023-09-10 12:28:23.800 [main]LoggerLoad-User lands on Login PAge
[INFO ]2023-09-10 12:28:23.808 [main]LoggerLoad-User lands on Login PAge
[INFO ]2023-09-10 12:28:23.815 [main]LoggerLoad-User lands on Login PAge
[INFO ]2023-09-10 12:28:23.823 [main]LoggerLoad-User lands on Login PAge
[INFO ]2023-09-10 12:28:23.830 [main]LoggerLoad-User lands on Login PAge
[INFO ]2023-09-10 12:28:23.839 [main]LoggerLoad-User lands on Login PAge
[INFO ]2023-09-10 12:28:23.849 [main]LoggerLoad-Closing Driver
[INFO ]2023-09-10 12:34:35.012 [main]LoggerLoad-Loading Config file
[INFO ]2023-09-10 12:34:35.021 [main]LoggerLoad-Get Browser Type from Properties
[INFO ]2023-09-10 12:34:37.167 [main]LoggerLoad-Intializingchromedriver
[INFO ]2023-09-10 12:34:37.276 [main]LoggerLoad-User lands on Login PAge
[INFO ]2023-09-10 12:34:37.294 [main]LoggerLoad-User lands on Login PAge
[INFO ]2023-09-10 12:34:37.301 [main]LoggerLoad-User lands on Login PAge
[INFO ]2023-09-10 12:34:37.309 [main]LoggerLoad-User lands on Login PAge
[INFO ]2023-09-10 12:34:37.316 [main]LoggerLoad-User lands on Login PAge
[INFO ]2023-09-10 12:34:37.322 [main]LoggerLoad-User lands on Login PAge
[INFO ]2023-09-10 12:34:37.328 [main]LoggerLoad-User lands on Login PAge
[INFO ]2023-09-10 12:34:37.333 [main]LoggerLoad-User lands on Login PAge
[INFO ]2023-09-10 12:34:37.339 [main]LoggerLoad-User lands on Login PAge
[INFO ]2023-09-10 12:34:37.344 [main]LoggerLoad-User lands on Login PAge
[INFO ]2023-09-10 12:34:37.349 [main]LoggerLoad-User lands on Login PAge
[INFO ]2023-09-10 12:34:37.356 [main]LoggerLoad-Closing Driver
[INFO ]2023-09-10 12:46:41.250 [main]LoggerLoad-Loading Config file
[INFO ]2023-09-10 12:46:41.257 [main]LoggerLoad-Get Browser Type from Properties
[INFO ]2023-09-10 12:46:43.384 [main]LoggerLoad-Intializingchromedriver
[INFO ]2023-09-10 12:46:43.490 [main]LoggerLoad-User lands on Login PAge
[INFO ]2023-09-10 12:46:43.538 [main]LoggerLoad-User lands on Login PAge
[INFO ]2023-09-10 12:46:43.548 [main]LoggerLoad-User lands on Login PAge
[INFO ]2023-09-10 12:46:43.557 [main]LoggerLoad-User lands on Login PAge
[INFO ]2023-09-10 12:46:43.569 [main]LoggerLoad-User lands on Login PAge
[INFO ]2023-09-10 12:46:43.580 [main]LoggerLoad-User lands on Login PAge
[INFO ]2023-09-10 12:46:43.591 [main]LoggerLoad-User lands on Login PAge
[INFO ]2023-09-10 12:46:43.602 [main]LoggerLoad-User lands on Login PAge
[INFO ]2023-09-10 12:46:43.614 [main]LoggerLoad-User lands on Login PAge
[INFO ]2023-09-10 12:46:43.625 [main]LoggerLoad-User lands on Login PAge
[INFO ]2023-09-10 12:46:43.632 [main]LoggerLoad-User lands on Login PAge
[INFO ]2023-09-10 12:46:43.638 [main]LoggerLoad-User lands on Login PAge
[INFO ]2023-09-10 12:46:43.643 [main]LoggerLoad-User lands on Login PAge
[INFO ]2023-09-10 12:46:43.650 [main]LoggerLoad-User lands on Login PAge
[INFO ]2023-09-10 12:46:43.655 [main]LoggerLoad-User lands on Login PAge
[INFO ]2023-09-10 12:46:43.662 [main]LoggerLoad-User lands on Login PAge
[INFO ]2023-09-10 12:46:43.672 [main]LoggerLoad-Closing Driver
